<?xml version="1.0" encoding="UTF-8"?>
<!-- Generated by org.testng.reporters.JUnitXMLReporter -->
<testsuite ignored="3" hostname="LAPTOP-S9TLG6IV" failures="0" tests="1" name="Default test(failed)" time="0.053" errors="0" timestamp="04 May 2021 07:26:13 GMT">
  <testcase classname="com.QATest.DemoTest" name="multiplication" time="0.021"/>
  <testcase classname="com.QATest.DemoTest" name="sum" time="0.0">
    <ignored/>
  </testcase> <!-- sum -->
  <testcase classname="com.QATest.DemoTest" name="sub" time="0.0">
    <ignored/>
  </testcase> <!-- sub -->
  <testcase classname="com.QATest.DemoTest" name="div" time="0.0">
    <ignored/>
  </testcase> <!-- div -->
</testsuite> <!-- Default test(failed) -->
