<?xml version="1.0" encoding="UTF-8"?>
<!-- Generated by org.testng.reporters.JUnitXMLReporter -->
<testsuite ignored="1" hostname="LAPTOP-S9TLG6IV" failures="0" tests="2" name="Test2" time="0.007" errors="0" timestamp="2021-03-27T07:05:58 IST">
  <testcase classname="Pages.TestBelongtoSingleGroup" name="TestOne" time="0.001"/>
  <testcase classname="Pages.TestBelongtoSingleGroup" name="TestThree" time="0.001"/>
  <testcase classname="Pages.TestBelongtoSingleGroup" name="TestTwo" time="0.0">
    <ignored/>
  </testcase> <!-- TestTwo -->
</testsuite> <!-- Test2 -->
