<?xml version="1.0" encoding="UTF-8"?>
<!-- Generated by org.testng.reporters.JUnitXMLReporter -->
<testsuite ignored="0" hostname="LAPTOP-S9TLG6IV" failures="0" tests="3" name="Test" time="0.051" errors="0" timestamp="2021-03-21T13:48:02 IST">
  <testcase classname="Pages.TestBelongtoSingleGroup" name="TestOne" time="0.007"/>
  <testcase classname="Pages.TestBelongtoSingleGroup" name="TestThree" time="0.001"/>
  <testcase classname="Pages.TestBelongtoSingleGroup" name="TestTwo" time="0.001"/>
</testsuite> <!-- Test -->
