<?xml version="1.0" encoding="UTF-8"?>
<!-- Generated by org.testng.reporters.JUnitXMLReporter -->
<testsuite ignored="0" hostname="LAPTOP-S9TLG6IV" failures="0" tests="4" name="Default test" time="0.053" errors="0" timestamp="04 May 2021 07:28:17 GMT">
  <testcase classname="com.QATest.DemoTest" name="div" time="0.014"/>
  <testcase classname="com.QATest.DemoTest" name="multiplication" time="0.002"/>
  <testcase classname="com.QATest.DemoTest" name="sub" time="0.002"/>
  <testcase classname="com.QATest.DemoTest" name="sum" time="0.001"/>
</testsuite> <!-- Default test -->
