<?xml version="1.0" encoding="UTF-8"?>
<testng-results ignored="0" total="2" passed="2" failed="0" skipped="0">
  <reporter-output>
  </reporter-output>
  <suite started-at="2021-03-27T07:12:19 IST" name="Default suite" finished-at="2021-03-27T07:12:28 IST" duration-ms="8598">
    <groups>
    </groups>
    <test started-at="2021-03-27T07:12:19 IST" name="Default test" finished-at="2021-03-27T07:12:28 IST" duration-ms="8598">
      <class name="tests.TestNGAnnotation">
        <test-method is-config="true" signature="beforeSuite()[pri:0, instance:tests.TestNGAnnotation@61386958]" started-at="2021-03-27T07:12:19 IST" name="beforeSuite" finished-at="2021-03-27T07:12:19 IST" duration-ms="14" status="PASS">
          <reporter-output>
          </reporter-output>
        </test-method> <!-- beforeSuite -->
        <test-method is-config="true" signature="beforeTest()[pri:0, instance:tests.TestNGAnnotation@61386958]" started-at="2021-03-27T07:12:19 IST" name="beforeTest" finished-at="2021-03-27T07:12:19 IST" duration-ms="0" status="PASS">
          <reporter-output>
          </reporter-output>
        </test-method> <!-- beforeTest -->
        <test-method is-config="true" signature="beforeClass()[pri:0, instance:tests.TestNGAnnotation@61386958]" started-at="2021-03-27T07:12:19 IST" name="beforeClass" finished-at="2021-03-27T07:12:24 IST" duration-ms="5017" status="PASS">
          <reporter-output>
          </reporter-output>
        </test-method> <!-- beforeClass -->
        <test-method is-config="true" signature="beforeMethod()[pri:0, instance:tests.TestNGAnnotation@61386958]" started-at="2021-03-27T07:12:24 IST" name="beforeMethod" finished-at="2021-03-27T07:12:24 IST" duration-ms="0" status="PASS">
          <reporter-output>
          </reporter-output>
        </test-method> <!-- beforeMethod -->
        <test-method signature="TestCase1()[pri:0, instance:tests.TestNGAnnotation@61386958]" started-at="2021-03-27T07:12:24 IST" name="TestCase1" finished-at="2021-03-27T07:12:25 IST" duration-ms="1383" status="PASS">
          <reporter-output>
          </reporter-output>
        </test-method> <!-- TestCase1 -->
        <test-method is-config="true" signature="afterMethod()[pri:0, instance:tests.TestNGAnnotation@61386958]" started-at="2021-03-27T07:12:25 IST" name="afterMethod" finished-at="2021-03-27T07:12:25 IST" duration-ms="0" status="PASS">
          <reporter-output>
          </reporter-output>
        </test-method> <!-- afterMethod -->
        <test-method is-config="true" signature="beforeMethod()[pri:0, instance:tests.TestNGAnnotation@61386958]" started-at="2021-03-27T07:12:25 IST" name="beforeMethod" finished-at="2021-03-27T07:12:25 IST" duration-ms="1" status="PASS">
          <reporter-output>
          </reporter-output>
        </test-method> <!-- beforeMethod -->
        <test-method signature="TestCase2()[pri:0, instance:tests.TestNGAnnotation@61386958]" started-at="2021-03-27T07:12:25 IST" name="TestCase2" finished-at="2021-03-27T07:12:27 IST" duration-ms="1353" status="PASS">
          <reporter-output>
          </reporter-output>
        </test-method> <!-- TestCase2 -->
        <test-method is-config="true" signature="afterMethod()[pri:0, instance:tests.TestNGAnnotation@61386958]" started-at="2021-03-27T07:12:27 IST" name="afterMethod" finished-at="2021-03-27T07:12:27 IST" duration-ms="0" status="PASS">
          <reporter-output>
          </reporter-output>
        </test-method> <!-- afterMethod -->
        <test-method is-config="true" signature="afterClass()[pri:0, instance:tests.TestNGAnnotation@61386958]" started-at="2021-03-27T07:12:27 IST" name="afterClass" finished-at="2021-03-27T07:12:28 IST" duration-ms="799" status="PASS">
          <reporter-output>
          </reporter-output>
        </test-method> <!-- afterClass -->
        <test-method is-config="true" signature="afterTest()[pri:0, instance:tests.TestNGAnnotation@61386958]" started-at="2021-03-27T07:12:28 IST" name="afterTest" finished-at="2021-03-27T07:12:28 IST" duration-ms="0" status="PASS">
          <reporter-output>
          </reporter-output>
        </test-method> <!-- afterTest -->
        <test-method is-config="true" signature="afterSuite()[pri:0, instance:tests.TestNGAnnotation@61386958]" started-at="2021-03-27T07:12:28 IST" name="afterSuite" finished-at="2021-03-27T07:12:28 IST" duration-ms="0" status="PASS">
          <reporter-output>
          </reporter-output>
        </test-method> <!-- afterSuite -->
      </class> <!-- tests.TestNGAnnotation -->
    </test> <!-- Default test -->
  </suite> <!-- Default suite -->
</testng-results>
