<?xml version="1.0" encoding="UTF-8"?>
<!-- Generated by org.testng.reporters.JUnitXMLReporter -->
<testsuite hostname="LAPTOP-S9TLG6IV" ignored="0" name="End To End Test" tests="12" failures="0" timestamp="15 May 2021 12:16:31 GMT" time="0.032" errors="0">
  <testcase name="div" time="0.009" classname="com.QATest.DemoTest"/>
  <testcase name="multiplication" time="0.0" classname="com.QATest.DemoTest"/>
  <testcase name="sub" time="0.001" classname="com.QATest.DemoTest"/>
  <testcase name="sum" time="0.0" classname="com.QATest.DemoTest"/>
  <testcase name="div" time="0.0" classname="com.QATest.DemoTest1"/>
  <testcase name="multiplication" time="0.0" classname="com.QATest.DemoTest1"/>
  <testcase name="sub" time="0.0" classname="com.QATest.DemoTest1"/>
  <testcase name="sum" time="0.0" classname="com.QATest.DemoTest1"/>
  <testcase name="div" time="0.0" classname="com.QATest.DemoTest2"/>
  <testcase name="multiplication" time="0.0" classname="com.QATest.DemoTest2"/>
  <testcase name="sub" time="0.0" classname="com.QATest.DemoTest2"/>
  <testcase name="sum" time="0.0" classname="com.QATest.DemoTest2"/>
</testsuite> <!-- End To End Test -->
