<?xml version="1.0" encoding="UTF-8"?>
<testng-results skipped="0" failed="0" ignored="0" total="12" passed="12">
  <reporter-output>
  </reporter-output>
  <suite name="Maven Test Automation" duration-ms="32" started-at="2021-05-15T12:16:31Z" finished-at="2021-05-15T12:16:31Z">
    <groups>
    </groups>
    <test name="End To End Test" duration-ms="32" started-at="2021-05-15T12:16:31Z" finished-at="2021-05-15T12:16:31Z">
      <class name="com.QATest.DemoTest">
        <test-method status="PASS" signature="div()[pri:0, instance:com.QATest.DemoTest@140564]" name="div" duration-ms="9" started-at="2021-05-15T17:46:31Z" finished-at="2021-05-15T17:46:31Z">
          <reporter-output>
          </reporter-output>
        </test-method> <!-- div -->
        <test-method status="PASS" signature="multiplication()[pri:0, instance:com.QATest.DemoTest@140564]" name="multiplication" duration-ms="0" started-at="2021-05-15T17:46:31Z" finished-at="2021-05-15T17:46:31Z">
          <reporter-output>
          </reporter-output>
        </test-method> <!-- multiplication -->
        <test-method status="PASS" signature="sub()[pri:0, instance:com.QATest.DemoTest@140564]" name="sub" duration-ms="1" started-at="2021-05-15T17:46:31Z" finished-at="2021-05-15T17:46:31Z">
          <reporter-output>
          </reporter-output>
        </test-method> <!-- sub -->
        <test-method status="PASS" signature="sum()[pri:0, instance:com.QATest.DemoTest@140564]" name="sum" duration-ms="0" started-at="2021-05-15T17:46:31Z" finished-at="2021-05-15T17:46:31Z">
          <reporter-output>
          </reporter-output>
        </test-method> <!-- sum -->
      </class> <!-- com.QATest.DemoTest -->
      <class name="com.QATest.DemoTest2">
        <test-method status="PASS" signature="multiplication()[pri:0, instance:com.QATest.DemoTest2@133c8f8]" name="multiplication" duration-ms="0" started-at="2021-05-15T17:46:31Z" finished-at="2021-05-15T17:46:31Z">
          <reporter-output>
          </reporter-output>
        </test-method> <!-- multiplication -->
        <test-method status="PASS" signature="div()[pri:0, instance:com.QATest.DemoTest2@133c8f8]" name="div" duration-ms="0" started-at="2021-05-15T17:46:31Z" finished-at="2021-05-15T17:46:31Z">
          <reporter-output>
          </reporter-output>
        </test-method> <!-- div -->
        <test-method status="PASS" signature="sum()[pri:0, instance:com.QATest.DemoTest2@133c8f8]" name="sum" duration-ms="0" started-at="2021-05-15T17:46:31Z" finished-at="2021-05-15T17:46:31Z">
          <reporter-output>
          </reporter-output>
        </test-method> <!-- sum -->
        <test-method status="PASS" signature="sub()[pri:0, instance:com.QATest.DemoTest2@133c8f8]" name="sub" duration-ms="0" started-at="2021-05-15T17:46:31Z" finished-at="2021-05-15T17:46:31Z">
          <reporter-output>
          </reporter-output>
        </test-method> <!-- sub -->
      </class> <!-- com.QATest.DemoTest2 -->
      <class name="com.QATest.DemoTest1">
        <test-method status="PASS" signature="div()[pri:0, instance:com.QATest.DemoTest1@1e4cb85]" name="div" duration-ms="0" started-at="2021-05-15T17:46:31Z" finished-at="2021-05-15T17:46:31Z">
          <reporter-output>
          </reporter-output>
        </test-method> <!-- div -->
        <test-method status="PASS" signature="multiplication()[pri:0, instance:com.QATest.DemoTest1@1e4cb85]" name="multiplication" duration-ms="0" started-at="2021-05-15T17:46:31Z" finished-at="2021-05-15T17:46:31Z">
          <reporter-output>
          </reporter-output>
        </test-method> <!-- multiplication -->
        <test-method status="PASS" signature="sum()[pri:0, instance:com.QATest.DemoTest1@1e4cb85]" name="sum" duration-ms="0" started-at="2021-05-15T17:46:31Z" finished-at="2021-05-15T17:46:31Z">
          <reporter-output>
          </reporter-output>
        </test-method> <!-- sum -->
        <test-method status="PASS" signature="sub()[pri:0, instance:com.QATest.DemoTest1@1e4cb85]" name="sub" duration-ms="0" started-at="2021-05-15T17:46:31Z" finished-at="2021-05-15T17:46:31Z">
          <reporter-output>
          </reporter-output>
        </test-method> <!-- sub -->
      </class> <!-- com.QATest.DemoTest1 -->
    </test> <!-- End To End Test -->
  </suite> <!-- Maven Test Automation -->
</testng-results>
