<?xml version="1.0" encoding="UTF-8"?>
<testng-results ignored="0" total="4" passed="4" failed="0" skipped="0">
  <reporter-output>
  </reporter-output>
  <suite started-at="2021-05-04T07:28:17Z" name="Default suite" finished-at="2021-05-04T07:28:17Z" duration-ms="53">
    <groups>
    </groups>
    <test started-at="2021-05-04T07:28:17Z" name="Default test" finished-at="2021-05-04T07:28:17Z" duration-ms="53">
      <class name="com.QATest.DemoTest">
        <test-method signature="div()[pri:0, instance:com.QATest.DemoTest@130c12b7]" started-at="2021-05-04T12:58:17Z" name="div" finished-at="2021-05-04T12:58:17Z" duration-ms="14" status="PASS">
          <reporter-output>
          </reporter-output>
        </test-method> <!-- div -->
        <test-method signature="multiplication()[pri:0, instance:com.QATest.DemoTest@130c12b7]" started-at="2021-05-04T12:58:17Z" name="multiplication" finished-at="2021-05-04T12:58:17Z" duration-ms="2" status="PASS">
          <reporter-output>
          </reporter-output>
        </test-method> <!-- multiplication -->
        <test-method signature="sub()[pri:0, instance:com.QATest.DemoTest@130c12b7]" started-at="2021-05-04T12:58:17Z" name="sub" finished-at="2021-05-04T12:58:17Z" duration-ms="2" status="PASS">
          <reporter-output>
          </reporter-output>
        </test-method> <!-- sub -->
        <test-method signature="sum()[pri:0, instance:com.QATest.DemoTest@130c12b7]" started-at="2021-05-04T12:58:17Z" name="sum" finished-at="2021-05-04T12:58:17Z" duration-ms="1" status="PASS">
          <reporter-output>
          </reporter-output>
        </test-method> <!-- sum -->
      </class> <!-- com.QATest.DemoTest -->
    </test> <!-- Default test -->
  </suite> <!-- Default suite -->
</testng-results>
